{
  "RSpec": {
    "coverage": {
      "/Users/Thomas/Desktop/tech-tests/bank_account/spec/bank_account_spec.rb": [
        1,
        null,
        1,
        null,
        1,
        5,
        null,
        null,
        1,
        1,
        null,
        null,
        1,
        1,
        1,
        null,
        1,
        1,
        1,
        null,
        null,
        null,
        1,
        1,
        1,
        null,
        null,
        1,
        1,
        1,
        1,
        1,
        null,
        null,
        null,
        null
      ],
      "/Users/Thomas/Desktop/tech-tests/bank_account/lib/bank_account.rb": [
        1,
        null,
        1,
        null,
        1,
        null,
        1,
        8,
        8,
        null,
        null,
        1,
        5,
        5,
        null,
        null,
        1,
        1,
        1,
        null,
        null
      ],
      "/Users/Thomas/Desktop/tech-tests/bank_account/lib/bank_statement.rb": [
        1,
        null,
        1,
        1,
        11,
        null,
        null,
        1,
        6,
        null,
        null,
        1,
        1,
        1,
        2,
        null,
        1,
        null,
        null
      ],
      "/Users/Thomas/Desktop/tech-tests/bank_account/spec/bank_statement_spec.rb": [
        1,
        1,
        null,
        1,
        1,
        null,
        1,
        3,
        3,
        null,
        null,
        1,
        1,
        null,
        null,
        1,
        1,
        1,
        1,
        1,
        null,
        null,
        null,
        1,
        1,
        1,
        1,
        2,
        null,
        null,
        null
      ]
    },
    "timestamp": 1552394510
  }
}
