{
  "RSpec": {
    "coverage": {
      "/Users/Thomas/Desktop/tech-tests/bank_account/spec/features/withdraw_deposit_and_view_spec.rb": [
        1,
        1,
        null,
        1,
        null,
        1,
        1,
        null,
        null,
        1,
        1,
        1,
        2,
        null,
        null
      ],
      "/Users/Thomas/Desktop/tech-tests/bank_account/lib/bank_account.rb": [
        1,
        null,
        1,
        null,
        1,
        null,
        1,
        9,
        9,
        null,
        null,
        1,
        5,
        5,
        null,
        null,
        1,
        2,
        2,
        null,
        null
      ],
      "/Users/Thomas/Desktop/tech-tests/bank_account/lib/bank_statement.rb": [
        1,
        null,
        1,
        null,
        1,
        12,
        null,
        null,
        1,
        7,
        7,
        null,
        null,
        1,
        2,
        2,
        4,
        null,
        2,
        null,
        null
      ],
      "/Users/Thomas/Desktop/tech-tests/bank_account/spec/units/bank_account_spec.rb": [
        1,
        null,
        1,
        null,
        1,
        5,
        null,
        null,
        1,
        1,
        null,
        null,
        1,
        1,
        1,
        null,
        1,
        4,
        null,
        null,
        null,
        1,
        1,
        1,
        null,
        null,
        1,
        4,
        null,
        null,
        null,
        null
      ],
      "/Users/Thomas/Desktop/tech-tests/bank_account/spec/units/bank_statement_spec.rb": [
        1,
        1,
        null,
        1,
        null,
        1,
        3,
        3,
        null,
        null,
        1,
        1,
        null,
        null,
        1,
        1,
        null,
        1,
        1,
        1,
        null,
        null,
        null,
        1,
        1,
        1,
        1,
        2,
        null,
        null,
        null
      ]
    },
    "timestamp": 1552407376
  }
}
